<?xml version="1.0" encoding="UTF-8"?>
<testng-results skipped="0" failed="1" ignored="0" total="3" passed="2">
  <reporter-output>
  </reporter-output>
  <suite name="Default suite" duration-ms="122560" started-at="2022-02-03T00:30:18 IST" finished-at="2022-02-03T00:32:21 IST">
    <groups>
    </groups>
    <test name="Default test" duration-ms="122560" started-at="2022-02-03T00:30:18 IST" finished-at="2022-02-03T00:32:21 IST">
      <class name="com.nopCommerce.com.nopCommerce.ExtentReporting">
        <test-method status="PASS" signature="setExtent()[pri:0, instance:com.nopCommerce.com.nopCommerce.ExtentReporting@a74868d]" name="setExtent" is-config="true" duration-ms="271" started-at="2022-02-03T00:30:19 IST" finished-at="2022-02-03T00:30:19 IST">
          <reporter-output>
          </reporter-output>
        </test-method> <!-- setExtent -->
        <test-method status="PASS" signature="setUp()[pri:0, instance:com.nopCommerce.com.nopCommerce.ExtentReporting@a74868d]" name="setUp" is-config="true" duration-ms="40228" started-at="2022-02-03T00:30:19 IST" finished-at="2022-02-03T00:30:59 IST">
          <reporter-output>
          </reporter-output>
        </test-method> <!-- setUp -->
        <test-method status="PASS" signature="nopCommerceLoginTest()[pri:0, instance:com.nopCommerce.com.nopCommerce.ExtentReporting@a74868d]" name="nopCommerceLoginTest" duration-ms="8606" started-at="2022-02-03T00:30:59 IST" finished-at="2022-02-03T00:31:08 IST">
          <reporter-output>
          </reporter-output>
        </test-method> <!-- nopCommerceLoginTest -->
        <test-method status="PASS" signature="tearDown(org.testng.ITestResult)[pri:0, instance:com.nopCommerce.com.nopCommerce.ExtentReporting@a74868d]" name="tearDown" is-config="true" duration-ms="3407" started-at="2022-02-03T00:31:08 IST" finished-at="2022-02-03T00:31:11 IST">
          <params>
            <param index="0">
              <value>
                <![CDATA[[TestResult name=nopCommerceLoginTest status=SUCCESS method=ExtentReporting.nopCommerceLoginTest()[pri:0, instance:com.nopCommerce.com.nopCommerce.ExtentReporting@a74868d] output={null}]]]>
              </value>
            </param>
          </params>
          <reporter-output>
          </reporter-output>
        </test-method> <!-- tearDown -->
        <test-method status="PASS" signature="setUp()[pri:0, instance:com.nopCommerce.com.nopCommerce.ExtentReporting@a74868d]" name="setUp" is-config="true" duration-ms="27032" started-at="2022-02-03T00:31:11 IST" finished-at="2022-02-03T00:31:38 IST">
          <reporter-output>
          </reporter-output>
        </test-method> <!-- setUp -->
        <test-method status="PASS" signature="nopCommerceLogoTest()[pri:0, instance:com.nopCommerce.com.nopCommerce.ExtentReporting@a74868d]" name="nopCommerceLogoTest" duration-ms="1408" started-at="2022-02-03T00:31:38 IST" finished-at="2022-02-03T00:31:40 IST">
          <reporter-output>
          </reporter-output>
        </test-method> <!-- nopCommerceLogoTest -->
        <test-method status="PASS" signature="tearDown(org.testng.ITestResult)[pri:0, instance:com.nopCommerce.com.nopCommerce.ExtentReporting@a74868d]" name="tearDown" is-config="true" duration-ms="1429" started-at="2022-02-03T00:31:40 IST" finished-at="2022-02-03T00:31:41 IST">
          <params>
            <param index="0">
              <value>
                <![CDATA[[TestResult name=nopCommerceLogoTest status=SUCCESS method=ExtentReporting.nopCommerceLogoTest()[pri:0, instance:com.nopCommerce.com.nopCommerce.ExtentReporting@a74868d] output={null}]]]>
              </value>
            </param>
          </params>
          <reporter-output>
          </reporter-output>
        </test-method> <!-- tearDown -->
        <test-method status="PASS" signature="setUp()[pri:0, instance:com.nopCommerce.com.nopCommerce.ExtentReporting@a74868d]" name="setUp" is-config="true" duration-ms="32435" started-at="2022-02-03T00:31:41 IST" finished-at="2022-02-03T00:32:13 IST">
          <reporter-output>
          </reporter-output>
        </test-method> <!-- setUp -->
        <test-method status="FAIL" signature="nopCommerceTitleTest()[pri:0, instance:com.nopCommerce.com.nopCommerce.ExtentReporting@a74868d]" name="nopCommerceTitleTest" duration-ms="10" started-at="2022-02-03T00:32:13 IST" finished-at="2022-02-03T00:32:13 IST">
          <exception class="java.lang.AssertionError">
            <message>
              <![CDATA[expected [nopCommerce demo store123] but found [nopCommerce demo store]]]>
            </message>
            <full-stacktrace>
              <![CDATA[java.lang.AssertionError: expected [nopCommerce demo store123] but found [nopCommerce demo store]
at org.testng.Assert.fail(Assert.java:99)
at org.testng.Assert.failNotEquals(Assert.java:1037)
at org.testng.Assert.assertEqualsImpl(Assert.java:140)
at org.testng.Assert.assertEquals(Assert.java:122)
at org.testng.Assert.assertEquals(Assert.java:629)
at org.testng.Assert.assertEquals(Assert.java:639)
at com.nopCommerce.com.nopCommerce.ExtentReporting.nopCommerceTitleTest(ExtentReporting.java:76)
at sun.reflect.NativeMethodAccessorImpl.invoke0(Native Method)
at sun.reflect.NativeMethodAccessorImpl.invoke(NativeMethodAccessorImpl.java:62)
at sun.reflect.DelegatingMethodAccessorImpl.invoke(DelegatingMethodAccessorImpl.java:43)
at java.lang.reflect.Method.invoke(Method.java:498)
at org.testng.internal.MethodInvocationHelper.invokeMethod(MethodInvocationHelper.java:133)
at org.testng.internal.TestInvoker.invokeMethod(TestInvoker.java:598)
at org.testng.internal.TestInvoker.invokeTestMethod(TestInvoker.java:173)
at org.testng.internal.MethodRunner.runInSequence(MethodRunner.java:46)
at org.testng.internal.TestInvoker$MethodInvocationAgent.invoke(TestInvoker.java:824)
at org.testng.internal.TestInvoker.invokeTestMethods(TestInvoker.java:146)
at org.testng.internal.TestMethodWorker.invokeTestMethods(TestMethodWorker.java:146)
at org.testng.internal.TestMethodWorker.run(TestMethodWorker.java:128)
at java.util.ArrayList.forEach(ArrayList.java:1257)
at org.testng.TestRunner.privateRun(TestRunner.java:794)
at org.testng.TestRunner.run(TestRunner.java:596)
at org.testng.SuiteRunner.runTest(SuiteRunner.java:377)
at org.testng.SuiteRunner.runSequentially(SuiteRunner.java:371)
at org.testng.SuiteRunner.privateRun(SuiteRunner.java:332)
at org.testng.SuiteRunner.run(SuiteRunner.java:276)
at org.testng.SuiteRunnerWorker.runSuite(SuiteRunnerWorker.java:53)
at org.testng.SuiteRunnerWorker.run(SuiteRunnerWorker.java:96)
at org.testng.TestNG.runSuitesSequentially(TestNG.java:1212)
at org.testng.TestNG.runSuitesLocally(TestNG.java:1134)
at org.testng.TestNG.runSuites(TestNG.java:1063)
at org.testng.TestNG.run(TestNG.java:1031)
at org.testng.remote.AbstractRemoteTestNG.run(AbstractRemoteTestNG.java:115)
at org.testng.remote.RemoteTestNG.initAndRun(RemoteTestNG.java:251)
at org.testng.remote.RemoteTestNG.main(RemoteTestNG.java:77)
]]>
            </full-stacktrace>
          </exception> <!-- java.lang.AssertionError -->
          <reporter-output>
          </reporter-output>
        </test-method> <!-- nopCommerceTitleTest -->
        <test-method status="FAIL" signature="tearDown(org.testng.ITestResult)[pri:0, instance:com.nopCommerce.com.nopCommerce.ExtentReporting@a74868d]" name="tearDown" is-config="true" duration-ms="7357" started-at="2022-02-03T00:32:14 IST" finished-at="2022-02-03T00:32:21 IST">
          <params>
            <param index="0">
              <value>
                <![CDATA[[TestResult name=nopCommerceTitleTest status=FAILURE method=ExtentReporting.nopCommerceTitleTest()[pri:0, instance:com.nopCommerce.com.nopCommerce.ExtentReporting@a74868d] output={null}]]]>
              </value>
            </param>
          </params>
          <exception class="java.lang.NullPointerException">
            <full-stacktrace>
              <![CDATA[java.lang.NullPointerException
at java.io.File.<init>(File.java:277)
at com.nopCommerce.com.nopCommerce.ExtentReporting.getScreenShotPath(ExtentReporting.java:125)
at com.nopCommerce.com.nopCommerce.ExtentReporting.tearDown(ExtentReporting.java:103)
at sun.reflect.NativeMethodAccessorImpl.invoke0(Native Method)
at sun.reflect.NativeMethodAccessorImpl.invoke(NativeMethodAccessorImpl.java:62)
at sun.reflect.DelegatingMethodAccessorImpl.invoke(DelegatingMethodAccessorImpl.java:43)
at java.lang.reflect.Method.invoke(Method.java:498)
at org.testng.internal.MethodInvocationHelper.invokeMethod(MethodInvocationHelper.java:133)
at org.testng.internal.MethodInvocationHelper.invokeMethodConsideringTimeout(MethodInvocationHelper.java:62)
at org.testng.internal.ConfigInvoker.invokeConfigurationMethod(ConfigInvoker.java:385)
at org.testng.internal.ConfigInvoker.invokeConfigurations(ConfigInvoker.java:321)
at org.testng.internal.TestInvoker.runConfigMethods(TestInvoker.java:700)
at org.testng.internal.TestInvoker.runAfterGroupsConfigurations(TestInvoker.java:676)
at org.testng.internal.TestInvoker.invokeMethod(TestInvoker.java:660)
at org.testng.internal.TestInvoker.invokeTestMethod(TestInvoker.java:173)
at org.testng.internal.MethodRunner.runInSequence(MethodRunner.java:46)
at org.testng.internal.TestInvoker$MethodInvocationAgent.invoke(TestInvoker.java:824)
at org.testng.internal.TestInvoker.invokeTestMethods(TestInvoker.java:146)
at org.testng.internal.TestMethodWorker.invokeTestMethods(TestMethodWorker.java:146)
at org.testng.internal.TestMethodWorker.run(TestMethodWorker.java:128)
at java.util.ArrayList.forEach(ArrayList.java:1257)
at org.testng.TestRunner.privateRun(TestRunner.java:794)
at org.testng.TestRunner.run(TestRunner.java:596)
at org.testng.SuiteRunner.runTest(SuiteRunner.java:377)
at org.testng.SuiteRunner.runSequentially(SuiteRunner.java:371)
at org.testng.SuiteRunner.privateRun(SuiteRunner.java:332)
at org.testng.SuiteRunner.run(SuiteRunner.java:276)
at org.testng.SuiteRunnerWorker.runSuite(SuiteRunnerWorker.java:53)
at org.testng.SuiteRunnerWorker.run(SuiteRunnerWorker.java:96)
at org.testng.TestNG.runSuitesSequentially(TestNG.java:1212)
at org.testng.TestNG.runSuitesLocally(TestNG.java:1134)
at org.testng.TestNG.runSuites(TestNG.java:1063)
at org.testng.TestNG.run(TestNG.java:1031)
at org.testng.remote.AbstractRemoteTestNG.run(AbstractRemoteTestNG.java:115)
at org.testng.remote.RemoteTestNG.initAndRun(RemoteTestNG.java:251)
at org.testng.remote.RemoteTestNG.main(RemoteTestNG.java:77)
]]>
            </full-stacktrace>
          </exception> <!-- java.lang.NullPointerException -->
          <reporter-output>
          </reporter-output>
        </test-method> <!-- tearDown -->
        <test-method status="SKIP" signature="endtest()[pri:0, instance:com.nopCommerce.com.nopCommerce.ExtentReporting@a74868d]" name="endtest" is-config="true" duration-ms="-1643828541533" started-at="2022-02-03T00:32:21 IST" finished-at="1970-01-01T05:30:00 IST">
          <reporter-output>
          </reporter-output>
        </test-method> <!-- endtest -->
      </class> <!-- com.nopCommerce.com.nopCommerce.ExtentReporting -->
    </test> <!-- Default test -->
  </suite> <!-- Default suite -->
</testng-results>
